\BOOKMARK [1][-]{section.1}{Introduction}{}% 1
\BOOKMARK [2][-]{subsection.1.1}{Our\040contributions}{section.1}% 2
\BOOKMARK [2][-]{subsection.1.2}{Organization\040of\040the\040survey}{section.1}% 3
\BOOKMARK [1][-]{section.2}{Definitions}{}% 4
\BOOKMARK [1][-]{section.3}{Algorithmic\040Approaches:\040A\040Taxonomy}{}% 5
\BOOKMARK [2][-]{subsection.3.1}{Short\040Text\040Topic\040Modeling\040Research\040Context\040and\040Evolution}{section.3}% 6
\BOOKMARK [2][-]{subsection.3.2}{A\040Taxonomy\040of\040Short\040Text\040Topic\040Modeling\040Methods}{section.3}% 7
\BOOKMARK [2][-]{subsection.3.3}{Dirichlet\040Multinomial\040Mixture\040based\040Methods}{section.3}% 8
\BOOKMARK [3][-]{subsubsection.3.3.1}{GSDMM}{subsection.3.3}% 9
\BOOKMARK [3][-]{subsubsection.3.3.2}{LF-DMM}{subsection.3.3}% 10
\BOOKMARK [3][-]{subsubsection.3.3.3}{GPU-DMM}{subsection.3.3}% 11
\BOOKMARK [3][-]{subsubsection.3.3.4}{GPU-PDMM}{subsection.3.3}% 12
\BOOKMARK [2][-]{subsection.3.4}{Global\040Word\040Co-occurrences\040based\040Methods}{section.3}% 13
\BOOKMARK [3][-]{subsubsection.3.4.1}{BTM}{subsection.3.4}% 14
\BOOKMARK [3][-]{subsubsection.3.4.2}{WNTM}{subsection.3.4}% 15
\BOOKMARK [2][-]{subsection.3.5}{Self-aggregation\040based\040Methods}{section.3}% 16
\BOOKMARK [3][-]{subsubsection.3.5.1}{SATM}{subsection.3.5}% 17
\BOOKMARK [3][-]{subsubsection.3.5.2}{PTM}{subsection.3.5}% 18
\BOOKMARK [1][-]{section.4}{Applications}{}% 19
\BOOKMARK [2][-]{subsection.4.1}{Content\040characterizing\040and\040recommendation}{section.4}% 20
\BOOKMARK [2][-]{subsection.4.2}{Text\040Classification}{section.4}% 21
\BOOKMARK [2][-]{subsection.4.3}{Event\040Tracking}{section.4}% 22
\BOOKMARK [1][-]{section.5}{A\040Java\040Library\040For\040Short\040Text\040Topic\040Modeling}{}% 23
\BOOKMARK [1][-]{section.6}{Experimental\040Setup}{}% 24
\BOOKMARK [2][-]{subsection.6.1}{Parameter\040Setting}{section.6}% 25
\BOOKMARK [2][-]{subsection.6.2}{Datasets}{section.6}% 26
\BOOKMARK [2][-]{subsection.6.3}{Evaluation\040Metrics}{section.6}% 27
\BOOKMARK [1][-]{section.7}{Experiments\040and\040Analysis}{}% 28
\BOOKMARK [2][-]{subsection.7.1}{Classification\040Accuracy}{section.7}% 29
\BOOKMARK [2][-]{subsection.7.2}{Clustering}{section.7}% 30
\BOOKMARK [2][-]{subsection.7.3}{Topic\040Coherence}{section.7}% 31
\BOOKMARK [2][-]{subsection.7.4}{Influence\040of\040the\040number\040of\040iterations}{section.7}% 32
\BOOKMARK [2][-]{subsection.7.5}{Efficiency}{section.7}% 33
\BOOKMARK [1][-]{section.8}{Conclusion\040and\040Future\040Work}{}% 34
\BOOKMARK [1][-]{section*.2}{References}{}% 35
